<?xml version="1.0" encoding="UTF-8"?>
<!-- Generated by org.testng.reporters.JUnitReportReporter -->
<testsuite skipped="0" hostname="LAPTOP-GULOPTL6" name="com.pack1.FirstTestCase" tests="1" failures="0" timestamp="2022-05-10T13:30:39 IST" time="9.658" errors="0">
  <testcase name="loginTest" time="9.658" classname="com.pack1.FirstTestCase"/>
  <system-out/>
</testsuite> <!-- com.pack1.FirstTestCase -->
